2021-08-24 15:16:53,856 public_GetDatas.py INFO {'DeviceUrl': ['https://dolphin-dev.kedacom.com/ezview-pra/#/'], 'UserName': ['praAdmin'], 'Password': ['kedacom620#'], 'ID': ['320324198402150975'], 'carID': ['À’E88888'], 'NAME': ['¡ı±Ú']}
2021-08-24 15:16:53,856 public_GetDatas.py INFO 1
2021-08-24 15:16:53,856 public_GetDatas.py INFO [['https://dolphin-dev.kedacom.com/ezview-pra/#/', 'praAdmin', 'kedacom620#']]
2021-08-24 15:16:53,856 public_GetDatas.py INFO 1
2021-08-24 15:16:53,856 public_GetDatas.py INFO [['320324198402150975']]
2021-08-24 15:16:53,856 public_GetDatas.py INFO 1
2021-08-24 15:16:53,856 public_GetDatas.py INFO [['À’E88888']]
2021-08-24 15:16:54,987 public_GetDatas.py INFO {'DeviceUrl': ['https://dolphin-dev.kedacom.com/ezview-pra/#/'], 'UserName': ['praAdmin'], 'Password': ['kedacom620#'], 'ID': ['320324198402150975'], 'carID': ['À’E88888'], 'NAME': ['¡ı±Ú']}
2021-08-24 15:16:54,987 public_GetDatas.py INFO 1
2021-08-24 15:16:54,987 public_GetDatas.py INFO [['https://dolphin-dev.kedacom.com/ezview-pra/#/', 'praAdmin', 'kedacom620#']]
2021-08-24 15:16:54,987 public_GetDatas.py INFO 1
2021-08-24 15:16:54,987 public_GetDatas.py INFO [['320324198402150975']]
2021-08-24 15:16:54,987 public_GetDatas.py INFO 1
2021-08-24 15:16:54,988 public_GetDatas.py INFO [['À’E88888']]
2021-08-24 15:16:58,441 test_dw_yjs.py INFO ¥Úø™‰Ø¿¿∆˜
2021-08-24 15:17:00,619 test_dw_yjs.py INFO loggining
2021-08-24 15:17:19,153 test_dw_yjs.py INFO login
2021-08-24 15:17:24,092 public_urlcheck.py INFO µ±«∞URL:https://dolphin-dev.kedacom.com/ezview-pra/#/
2021-08-24 15:17:31,009 test_dw_yjs.py INFO https://dolphin-dev.kedacom.com/ezview-pra/#/systemmaintenance/operationLog
2021-08-24 15:17:31,009 test_dw_yjs.py INFO «–ªª“µŒÒ∆¡
2021-08-24 15:17:32,416 test_dw_yjs.py INFO µÿÕº∆¡
2021-08-24 15:17:50,016 DWdsj.py INFO …∏—°£∫
